<?xml version="1.0" encoding="UTF-8"?>
<testng-results total="1" passed="1" failed="0" skipped="0">
  <reporter-output>
  </reporter-output>
  <suite started-at="2021-06-02T18:50:24Z" name="Default suite" finished-at="2021-06-02T18:50:30Z" duration-ms="5138">
    <groups>
    </groups>
    <test started-at="2021-06-02T18:50:24Z" name="Default test" finished-at="2021-06-02T18:50:30Z" duration-ms="5138">
      <class name="TestFramework.postAPI">
        <test-method signature="addBook()" started-at="2021-06-02T18:50:25Z" name="addBook" finished-at="2021-06-02T18:50:30Z" duration-ms="5110" status="PASS">
        </test-method>
      </class>
    </test>
  </suite>
</testng-results>
